<?xml version="1.0" encoding="UTF-8"?>
<testsuite name="com.lwc.ChallengeTest" tests="1" skipped="0" failures="0" errors="0" timestamp="2023-09-14T11:19:29" hostname="Hyeonjiui-MacBookAir.local" time="1.123">
  <properties/>
  <testcase name="getChallengeListMapper()" classname="com.lwc.ChallengeTest" time="1.123"/>
  <system-out><![CDATA[20:19:24.719 [Test worker] DEBUG org.springframework.test.context.BootstrapUtils - Instantiating CacheAwareContextLoaderDelegate from class [org.springframework.test.context.cache.DefaultCacheAwareContextLoaderDelegate]
20:19:24.736 [Test worker] DEBUG org.springframework.test.context.BootstrapUtils - Instantiating BootstrapContext using constructor [public org.springframework.test.context.support.DefaultBootstrapContext(java.lang.Class,org.springframework.test.context.CacheAwareContextLoaderDelegate)]
20:19:24.862 [Test worker] DEBUG org.springframework.test.context.BootstrapUtils - Instantiating TestContextBootstrapper for test class [com.lwc.ChallengeTest] from class [org.springframework.boot.test.context.SpringBootTestContextBootstrapper]
20:19:24.881 [Test worker] INFO org.springframework.boot.test.context.SpringBootTestContextBootstrapper - Neither @ContextConfiguration nor @ContextHierarchy found for test class [com.lwc.ChallengeTest], using SpringBootContextLoader
20:19:24.888 [Test worker] DEBUG org.springframework.test.context.support.AbstractContextLoader - Did not detect default resource location for test class [com.lwc.ChallengeTest]: class path resource [com/lwc/ChallengeTest-context.xml] does not exist
20:19:24.889 [Test worker] DEBUG org.springframework.test.context.support.AbstractContextLoader - Did not detect default resource location for test class [com.lwc.ChallengeTest]: class path resource [com/lwc/ChallengeTestContext.groovy] does not exist
20:19:24.889 [Test worker] INFO org.springframework.test.context.support.AbstractContextLoader - Could not detect default resource locations for test class [com.lwc.ChallengeTest]: no resource found for suffixes {-context.xml, Context.groovy}.
20:19:24.890 [Test worker] INFO org.springframework.test.context.support.AnnotationConfigContextLoaderUtils - Could not detect default configuration classes for test class [com.lwc.ChallengeTest]: ChallengeTest does not declare any static, non-private, non-final, nested classes annotated with @Configuration.
20:19:24.957 [Test worker] DEBUG org.springframework.test.context.support.ActiveProfilesUtils - Could not find an 'annotation declaring class' for annotation type [org.springframework.test.context.ActiveProfiles] and class [com.lwc.ChallengeTest]
20:19:25.103 [Test worker] DEBUG org.springframework.context.annotation.ClassPathScanningCandidateComponentProvider - Identified candidate component class: file [/Users/hyeonjilee/coding/lessWasteClass/build/classes/java/main/com/lwc/Application.class]
20:19:25.104 [Test worker] INFO org.springframework.boot.test.context.SpringBootTestContextBootstrapper - Found @SpringBootConfiguration com.lwc.Application for test class com.lwc.ChallengeTest
20:19:25.219 [Test worker] DEBUG org.springframework.boot.test.context.SpringBootTestContextBootstrapper - @TestExecutionListeners is not present for class [com.lwc.ChallengeTest]: using defaults.
20:19:25.220 [Test worker] INFO org.springframework.boot.test.context.SpringBootTestContextBootstrapper - Loaded default TestExecutionListener class names from location [META-INF/spring.factories]: [org.springframework.boot.test.autoconfigure.restdocs.RestDocsTestExecutionListener, org.springframework.boot.test.autoconfigure.web.client.MockRestServiceServerResetTestExecutionListener, org.springframework.boot.test.autoconfigure.web.servlet.MockMvcPrintOnlyOnFailureTestExecutionListener, org.springframework.boot.test.autoconfigure.web.servlet.WebDriverTestExecutionListener, org.springframework.boot.test.autoconfigure.webservices.client.MockWebServiceServerTestExecutionListener, org.springframework.boot.test.mock.mockito.MockitoTestExecutionListener, org.springframework.boot.test.mock.mockito.ResetMocksTestExecutionListener, org.springframework.test.context.web.ServletTestExecutionListener, org.springframework.test.context.support.DirtiesContextBeforeModesTestExecutionListener, org.springframework.test.context.event.ApplicationEventsTestExecutionListener, org.springframework.test.context.support.DependencyInjectionTestExecutionListener, org.springframework.test.context.support.DirtiesContextTestExecutionListener, org.springframework.test.context.transaction.TransactionalTestExecutionListener, org.springframework.test.context.jdbc.SqlScriptsTestExecutionListener, org.springframework.test.context.event.EventPublishingTestExecutionListener]
20:19:25.238 [Test worker] INFO org.springframework.boot.test.context.SpringBootTestContextBootstrapper - Using TestExecutionListeners: [org.springframework.test.context.web.ServletTestExecutionListener@49a64d82, org.springframework.test.context.support.DirtiesContextBeforeModesTestExecutionListener@344561e0, org.springframework.test.context.event.ApplicationEventsTestExecutionListener@66d23e4a, org.springframework.boot.test.mock.mockito.MockitoTestExecutionListener@36ac8a63, org.springframework.boot.test.autoconfigure.SpringBootDependencyInjectionTestExecutionListener@4d9d1b69, org.springframework.test.context.support.DirtiesContextTestExecutionListener@52c8295b, org.springframework.test.context.transaction.TransactionalTestExecutionListener@251f7d26, org.springframework.test.context.jdbc.SqlScriptsTestExecutionListener@77b21474, org.springframework.test.context.event.EventPublishingTestExecutionListener@52d10fb8, org.springframework.boot.test.autoconfigure.restdocs.RestDocsTestExecutionListener@41c07648, org.springframework.boot.test.autoconfigure.web.client.MockRestServiceServerResetTestExecutionListener@1fe8d51b, org.springframework.boot.test.autoconfigure.web.servlet.MockMvcPrintOnlyOnFailureTestExecutionListener@781e7326, org.springframework.boot.test.autoconfigure.web.servlet.WebDriverTestExecutionListener@22680f52, org.springframework.boot.test.autoconfigure.webservices.client.MockWebServiceServerTestExecutionListener@60d84f61, org.springframework.boot.test.mock.mockito.ResetMocksTestExecutionListener@39c11e6c]
20:19:25.242 [Test worker] DEBUG org.springframework.test.context.support.AbstractDirtiesContextTestExecutionListener - Before test class: context [DefaultTestContext@3a80515c testClass = ChallengeTest, testInstance = [null], testMethod = [null], testException = [null], mergedContextConfiguration = [WebMergedContextConfiguration@547e29a4 testClass = ChallengeTest, locations = '{}', classes = '{class com.lwc.Application}', contextInitializerClasses = '[]', activeProfiles = '{}', propertySourceLocations = '{}', propertySourceProperties = '{org.springframework.boot.test.context.SpringBootTestContextBootstrapper=true}', contextCustomizers = set[org.springframework.boot.test.autoconfigure.actuate.metrics.MetricsExportContextCustomizerFactory$DisableMetricExportContextCustomizer@2974f221, org.springframework.boot.test.autoconfigure.properties.PropertyMappingContextCustomizer@0, org.springframework.boot.test.autoconfigure.web.servlet.WebDriverContextCustomizerFactory$Customizer@4d18aa28, org.springframework.boot.test.context.filter.ExcludeFilterContextCustomizer@16746061, org.springframework.boot.test.json.DuplicateJsonObjectContextCustomizerFactory$DuplicateJsonObjectContextCustomizer@5c8eee0f, org.springframework.boot.test.mock.mockito.MockitoContextCustomizer@0, org.springframework.boot.test.web.client.TestRestTemplateContextCustomizer@328cf0e1, org.springframework.boot.test.context.SpringBootTestArgs@1, org.springframework.boot.test.context.SpringBootTestWebEnvironment@4ef74c30], resourceBasePath = 'src/main/webapp', contextLoader = 'org.springframework.boot.test.context.SpringBootContextLoader', parent = [null]], attributes = map['org.springframework.test.context.web.ServletTestExecutionListener.activateListener' -> true]], class annotated with @DirtiesContext [false] with mode [null].

  .   ____          _            __ _ _
 /\\ / ___'_ __ _ _(_)_ __  __ _ \ \ \ \
( ( )\___ | '_ | '_| | '_ \/ _` | \ \ \ \
 \\/  ___)| |_)| | | | | || (_| |  ) ) ) )
  '  |____| .__|_| |_|_| |_\__, | / / / /
 =========|_|==============|___/=/_/_/_/
 :: Spring Boot ::               (v2.7.15)

2023-09-14 20:19:26.032  INFO 6547 --- [    Test worker] com.lwc.ChallengeTest                    : Starting ChallengeTest using Java 11.0.18 on Hyeonjiui-MacBookAir.local with PID 6547 (started by hyeonjilee in /Users/hyeonjilee/coding/lessWasteClass)
2023-09-14 20:19:26.037  INFO 6547 --- [    Test worker] com.lwc.ChallengeTest                    : No active profile set, falling back to 1 default profile: "default"
2023-09-14 20:19:29.432  INFO 6547 --- [    Test worker] o.s.b.a.w.s.WelcomePageHandlerMapping    : Adding welcome page template: index
2023-09-14 20:19:29.917  INFO 6547 --- [    Test worker] com.lwc.ChallengeTest                    : Started ChallengeTest in 4.549 seconds (JVM running for 6.749)
2023-09-14 20:19:30.399  INFO 6547 --- [    Test worker] com.zaxxer.hikari.HikariDataSource       : HikariPool-1 - Starting...
2023-09-14 20:19:30.898  INFO 6547 --- [    Test worker] com.zaxxer.hikari.HikariDataSource       : HikariPool-1 - Start completed.
[ChallengeDTO(t_number=0, c_name=쓰레기 없는 미술시간 챌린지, c_content=쓰레기가 최소화되는 미술시간 도전, c_regdate=Thu Sep 14 20:03:21 KST 2023, m_number=1, menu_category=2), ChallengeDTO(t_number=0, c_name=종이 학습지 대체 챌린지, c_content=꼭 학습지가 필요할까요?, c_regdate=Thu Sep 14 20:03:21 KST 2023, m_number=2, menu_category=2)]
]]></system-out>
  <system-err><![CDATA[]]></system-err>
</testsuite>
